<?xml version="1.0" encoding="UTF-8"?><testsuite errors="0" failures="1" name="Search in google with data from feature" skipped="0" tests="3" time="38.5" timestamp="2019-04-10 10:43:12"><testcase name="buscar en google"><failure message="La frase encontrada no corresponde al resultado esperado - &#10;Expected: is &quot;kjadshkjashdkjhaskjd&quot;&#10;     but: was &quot;hola tres&quot;" type="java.lang.AssertionError">La frase encontrada no corresponde al resultado esperado - 
Expected: is "kjadshkjashdkjhaskjd"
     but: was "hola tres"</failure><system-err>La frase encontrada no corresponde al resultado esperado - 
Expected: is "kjadshkjashdkjhaskjd"
     but: was "hola tres"&#13;
co.com.google.qa.miprimerscreenplay.stepsdefinitions.MiPrimerScreenplayStepDefinitions.verificaQueLaPalabraEsteEnLosResultados(MiPrimerScreenplayStepDefinitions.java:56)&#13;
✽.Verifica que la palabra "kjadshkjashdkjhaskjd" este en los resultados(src/test/resources/features/MiPrimerScreenplay.feature:10)&#13;
</system-err></testcase></testsuite>